<?xml version="1.0" encoding="UTF-8"?>
<!-- Generated by org.testng.reporters.JUnitReportReporter -->
<testsuite hostname="DESKTOP-T3F5S48" failures="0" tests="5" name="MoneyCorpTest" time="17.357" errors="0" timestamp="2022-01-06T12:27:42 IST" skipped="0">
  <testcase classname="MoneyCorpTest" name="validateForeginExchangePage" time="0.070"/>
  <system-out/>
  <testcase classname="MoneyCorpTest" name="goToForeginExchange" time="2.157"/>
  <system-out/>
  <testcase classname="MoneyCorpTest" name="languageChange" time="4.300"/>
  <system-out/>
  <testcase classname="MoneyCorpTest" name="searchIntenationalPayments" time="10.313"/>
  <system-out/>
  <testcase classname="MoneyCorpTest" name="linkValidation" time="0.517"/>
  <system-out/>
</testsuite> <!-- MoneyCorpTest -->
